<?xml version="1.0" encoding="UTF-8"?>
<testsuite name="com.example.project.TestBookStore" tests="6" skipped="0" failures="0" errors="0" timestamp="2025-01-27T17:53:56" hostname="codespaces-7e85bf" time="0.028">
  <properties/>
  <testcase name="testAddBook()" classname="com.example.project.TestBookStore" time="0.002"/>
  <testcase name="testAddUser()" classname="com.example.project.TestBookStore" time="0.002"/>
  <testcase name="testInsertBooK()" classname="com.example.project.TestBookStore" time="0.004"/>
  <testcase name="testRemoveBook()" classname="com.example.project.TestBookStore" time="0.008"/>
  <testcase name="testRemoveUser()" classname="com.example.project.TestBookStore" time="0.001"/>
  <testcase name="testConsolidateUsers()" classname="com.example.project.TestBookStore" time="0.0"/>
  <system-out><![CDATA[]]></system-out>
  <system-err><![CDATA[]]></system-err>
</testsuite>
